2020-06-10 09:45:21,562	Start.******************************
2020-06-10 09:45:21,662	template: A200610.084508.dat
2020-06-10 09:45:21,662	----------
2020-06-10 09:45:21,663	ch_zoff 1.10
2020-06-10 09:45:21,663	ch_bias 0.00
2020-06-10 09:45:21,663	scan for alignment to template
2020-06-10 09:48:56,150	cc_file_4align: A200610.094523.dat
2020-06-10 09:48:56,150	Align to template
2020-06-10 09:48:56,653	[dy, dx] = [0. 0.]
2020-06-10 09:49:01,810	const current mode scan
2020-06-10 09:52:36,310	cc: A200610.094904.dat
2020-06-10 09:52:36,311	const height mode scan
2020-06-10 10:06:42,772	ch: A200610.095239.dat
2020-06-10 10:06:42,772	----------
2020-06-10 10:06:42,775	ch_zoff 1.20
2020-06-10 10:06:42,775	ch_bias 0.00
2020-06-10 10:06:42,786	scan for alignment to template
2020-06-10 10:10:17,484	cc_file_4align: A200610.100645.dat
2020-06-10 10:10:17,484	Align to template
2020-06-10 10:10:17,812	[dy, dx] = [-2.5  0. ]
2020-06-10 10:10:22,965	const current mode scan
2020-06-10 10:13:57,433	cc: A200610.101025.dat
2020-06-10 10:13:57,434	const height mode scan
2020-06-10 10:28:03,859	ch: A200610.101400.dat
2020-06-10 10:28:03,860	----------
2020-06-10 10:28:03,861	ch_zoff 1.30
2020-06-10 10:28:03,862	ch_bias 0.00
2020-06-10 10:28:03,864	scan for alignment to template
2020-06-10 10:31:38,586	cc_file_4align: A200610.102806.dat
2020-06-10 10:31:38,586	Align to template
2020-06-10 10:31:38,913	[dy, dx] = [-2. -1.]
2020-06-10 10:31:44,069	const current mode scan
2020-06-10 10:35:18,517	cc: A200610.103146.dat
2020-06-10 10:35:18,518	const height mode scan
2020-06-10 10:49:24,964	ch: A200610.103521.dat
2020-06-10 10:49:24,965	----------
2020-06-10 10:49:24,968	ch_zoff 1.40
2020-06-10 10:49:24,968	ch_bias 0.00
2020-06-10 10:49:24,970	scan for alignment to template
2020-06-10 10:52:59,661	cc_file_4align: A200610.104927.dat
2020-06-10 10:52:59,661	Align to template
2020-06-10 10:52:59,983	[dy, dx] = [-1. -2.]
2020-06-10 10:53:05,131	const current mode scan
2020-06-10 10:56:39,621	cc: A200610.105307.dat
2020-06-10 10:56:39,621	const height mode scan
2020-06-10 11:10:46,059	ch: A200610.105642.dat
2020-06-10 11:10:46,059	----------
2020-06-10 11:10:46,060	ch_zoff 1.50
2020-06-10 11:10:46,061	ch_bias 0.00
2020-06-10 11:10:46,061	scan for alignment to template
2020-06-10 11:14:20,739	cc_file_4align: A200610.111048.dat
2020-06-10 11:14:20,739	Align to template
2020-06-10 11:14:21,065	[dy, dx] = [0. 0.]
2020-06-10 11:14:26,217	const current mode scan
2020-06-10 11:18:00,746	cc: A200610.111428.dat
2020-06-10 11:18:00,747	const height mode scan
2020-06-10 11:32:07,225	ch: A200610.111803.dat
2020-06-10 11:32:07,226	Final template scan
2020-06-10 11:35:41,950	A200610.113209.dat
2020-06-10 11:35:41,950	Done.
2020-06-10 12:11:34,192	Start.******************************
2020-06-10 12:11:34,289	template: A200610.115748.dat
2020-06-10 12:11:34,290	----------
2020-06-10 12:11:34,292	ch_zoff 1.60
2020-06-10 12:11:34,293	ch_bias 0.00
2020-06-10 12:11:34,293	scan for alignment to template
2020-06-10 12:15:08,721	cc_file_4align: A200610.121136.dat
2020-06-10 12:15:08,721	Align to template
2020-06-10 12:15:09,043	[dy, dx] = [2.5 1. ]
2020-06-10 12:15:14,205	const current mode scan
2020-06-10 12:18:48,632	cc: A200610.121516.dat
2020-06-10 12:18:48,633	const height mode scan
2020-06-10 12:32:55,013	ch: A200610.121851.dat
2020-06-10 12:32:55,014	----------
2020-06-10 12:32:55,016	ch_zoff 1.70
2020-06-10 12:32:55,016	ch_bias 0.00
2020-06-10 12:32:55,017	scan for alignment to template
2020-06-10 12:36:29,581	cc_file_4align: A200610.123257.dat
2020-06-10 12:36:29,581	Align to template
2020-06-10 12:36:29,909	[dy, dx] = [ 0. -2.]
2020-06-10 12:36:35,064	const current mode scan
2020-06-10 12:40:09,473	cc: A200610.123637.dat
2020-06-10 12:40:09,473	const height mode scan
2020-06-10 12:54:15,805	ch: A200610.124012.dat
2020-06-10 12:54:15,806	----------
2020-06-10 12:54:15,808	ch_zoff 1.80
2020-06-10 12:54:15,809	ch_bias 0.00
2020-06-10 12:54:15,809	scan for alignment to template
2020-06-10 12:57:50,458	cc_file_4align: A200610.125418.dat
2020-06-10 12:57:50,459	Align to template
2020-06-10 12:57:50,787	[dy, dx] = [ 0. -2.]
2020-06-10 12:57:55,950	const current mode scan
2020-06-10 13:01:30,336	cc: A200610.125758.dat
2020-06-10 13:01:30,336	const height mode scan
2020-06-10 13:15:36,736	ch: A200610.130133.dat
2020-06-10 13:15:36,736	----------
2020-06-10 13:15:36,738	ch_zoff 1.90
2020-06-10 13:15:36,739	ch_bias 0.00
2020-06-10 13:15:36,742	scan for alignment to template
2020-06-10 13:19:11,386	cc_file_4align: A200610.131539.dat
2020-06-10 13:19:11,387	Align to template
2020-06-10 13:19:11,727	[dy, dx] = [-1. -1.]
2020-06-10 13:19:16,874	const current mode scan
2020-06-10 13:22:51,303	cc: A200610.131919.dat
2020-06-10 13:22:51,304	const height mode scan
2020-06-10 19:10:55,768	Start.******************************
2020-06-10 19:10:56,072	template: A200610.190720.dat
2020-06-10 19:10:56,073	----------
2020-06-10 19:10:56,073	ch_zoff 0.00
2020-06-10 19:10:56,074	ch_bias 0.00
2020-06-10 19:10:56,074	scan for alignment to template
2020-06-10 19:14:30,386	cc_file_4align: A200610.191058.dat
2020-06-10 19:14:30,386	Align to template
2020-06-10 19:14:30,886	[dy, dx] = [0. 0.]
2020-06-10 19:14:36,033	const current mode scan
2020-06-10 19:18:10,329	cc: A200610.191438.dat
2020-06-10 19:18:10,329	const height mode scan
2020-06-10 19:32:16,720	ch: A200610.191813.dat
2020-06-10 19:32:16,720	----------
2020-06-10 19:32:16,722	ch_zoff 0.10
2020-06-10 19:32:16,723	ch_bias 0.00
2020-06-10 19:32:16,725	scan for alignment to template
2020-06-10 19:35:51,862	cc_file_4align: A200610.193219.dat
2020-06-10 19:35:51,862	Align to template
2020-06-10 19:35:52,196	[dy, dx] = [ 0. -1.]
2020-06-10 19:35:57,357	const current mode scan
2020-06-10 19:39:31,684	cc: A200610.193559.dat
2020-06-10 19:39:31,684	const height mode scan
2020-06-10 19:53:37,867	ch: A200610.193934.dat
2020-06-10 19:53:37,867	----------
2020-06-10 19:53:37,868	ch_zoff 0.20
2020-06-10 19:53:37,869	ch_bias 0.00
2020-06-10 19:53:37,870	scan for alignment to template
2020-06-10 19:57:12,520	cc_file_4align: A200610.195340.dat
2020-06-10 19:57:12,521	Align to template
2020-06-10 19:57:12,838	[dy, dx] = [-1.5 -1. ]
2020-06-10 19:57:17,993	const current mode scan
2020-06-10 20:00:52,315	cc: A200610.195720.dat
2020-06-10 20:00:52,316	const height mode scan
2020-06-10 20:14:58,537	ch: A200610.200055.dat
2020-06-10 20:14:58,538	----------
2020-06-10 20:14:58,540	ch_zoff 0.30
2020-06-10 20:14:58,541	ch_bias 0.00
2020-06-10 20:14:58,543	scan for alignment to template
2020-06-10 20:18:33,266	cc_file_4align: A200610.201501.dat
2020-06-10 20:18:33,266	Align to template
2020-06-10 20:18:33,599	[dy, dx] = [-1.  0.]
2020-06-10 20:18:38,759	const current mode scan
2020-06-10 20:22:13,157	cc: A200610.201841.dat
2020-06-10 20:22:13,158	const height mode scan
2020-06-10 20:36:19,495	ch: A200610.202216.dat
2020-06-10 20:36:19,496	----------
2020-06-10 20:36:19,497	ch_zoff 0.40
2020-06-10 20:36:19,497	ch_bias 0.00
2020-06-10 20:36:19,498	scan for alignment to template
2020-06-10 20:39:54,125	cc_file_4align: A200610.203622.dat
2020-06-10 20:39:54,125	Align to template
2020-06-10 20:39:54,441	[dy, dx] = [0. 0.]
2020-06-10 20:39:59,589	const current mode scan
2020-06-10 20:43:33,958	cc: A200610.204001.dat
2020-06-10 20:43:33,959	const height mode scan
2020-06-10 20:57:40,227	ch: A200610.204337.dat
2020-06-10 20:57:40,228	----------
2020-06-10 20:57:40,230	ch_zoff 0.50
2020-06-10 20:57:40,230	ch_bias 0.00
2020-06-10 20:57:40,231	scan for alignment to template
2020-06-10 21:01:14,955	cc_file_4align: A200610.205742.dat
2020-06-10 21:01:14,955	Align to template
2020-06-10 21:01:15,267	[dy, dx] = [-0.5 -1. ]
2020-06-10 21:01:20,419	const current mode scan
2020-06-10 21:04:55,102	cc: A200610.210122.dat
2020-06-10 21:04:55,103	const height mode scan
2020-06-10 21:19:03,833	ch: A200610.210459.dat
2020-06-10 21:19:03,834	Final template scan
2020-06-10 21:22:39,886	A200610.211907.dat
2020-06-10 21:22:39,886	Done.
2020-06-10 21:34:21,032	Start.******************************
2020-06-10 21:34:35,691	Start.******************************
2020-06-10 21:34:35,775	template: A200610.213018.dat
2020-06-10 21:34:35,775	----------
2020-06-10 21:34:35,777	ch_zoff 0.20
2020-06-10 21:34:35,778	ch_bias 0.00
2020-06-10 21:34:35,779	scan for alignment to template
2020-06-10 21:38:11,192	cc_file_4align: A200610.213438.dat
2020-06-10 21:38:11,192	Align to template
2020-06-10 21:38:11,537	[dy, dx] = [0. 0.]
2020-06-10 21:38:16,730	const current mode scan
2020-06-10 21:41:51,973	cc: A200610.213819.dat
2020-06-10 21:41:51,974	const height mode scan
2020-06-10 22:09:05,560	Start.******************************
2020-06-10 22:09:05,651	template: A200610.220523.dat
2020-06-10 22:09:05,651	----------
2020-06-10 22:09:05,653	ch_zoff -2.00
2020-06-10 22:09:05,653	ch_bias 0.00
2020-06-10 22:09:05,654	scan for alignment to template
2020-06-10 22:12:40,944	cc_file_4align: A200610.220908.dat
2020-06-10 22:12:40,945	Align to template
2020-06-10 22:12:41,272	[dy, dx] = [0. 0.]
2020-06-10 22:12:46,454	const current mode scan
2020-06-10 22:16:21,998	cc: A200610.221249.dat
2020-06-10 22:16:21,999	const height mode scan
2020-06-10 22:30:29,046	ch: A200610.221626.dat
2020-06-10 22:30:29,047	----------
2020-06-10 22:30:29,048	ch_zoff -1.90
2020-06-10 22:30:29,049	ch_bias 0.00
2020-06-10 22:30:29,049	scan for alignment to template
2020-06-10 22:34:04,815	cc_file_4align: A200610.223032.dat
2020-06-10 22:34:04,815	Align to template
2020-06-10 22:34:05,145	[dy, dx] = [0. 0.]
2020-06-10 22:34:10,383	const current mode scan
2020-06-10 22:37:45,571	cc: A200610.223413.dat
2020-06-10 22:37:45,571	const height mode scan
2020-06-10 22:51:52,632	ch: A200610.223749.dat
2020-06-10 22:51:52,632	----------
2020-06-10 22:51:52,637	ch_zoff -1.80
2020-06-10 22:51:52,640	ch_bias 0.00
2020-06-10 22:51:52,644	scan for alignment to template
2020-06-10 22:55:28,435	cc_file_4align: A200610.225155.dat
2020-06-10 22:55:28,435	Align to template
2020-06-10 22:55:28,781	[dy, dx] = [0. 0.]
2020-06-10 22:55:33,989	const current mode scan
2020-06-10 22:59:09,212	cc: A200610.225536.dat
2020-06-10 22:59:09,213	const height mode scan
2020-06-10 23:13:15,868	ch: A200610.225913.dat
2020-06-10 23:13:15,869	----------
2020-06-10 23:13:15,871	ch_zoff -1.70
2020-06-10 23:13:15,872	ch_bias 0.00
2020-06-10 23:13:15,873	scan for alignment to template
2020-06-10 23:16:50,595	cc_file_4align: A200610.231318.dat
2020-06-10 23:16:50,595	Align to template
2020-06-10 23:16:50,922	[dy, dx] = [0. 0.]
2020-06-10 23:16:56,082	const current mode scan
2020-06-10 23:20:30,214	cc: A200610.231658.dat
2020-06-10 23:20:30,215	const height mode scan
2020-06-10 23:34:35,958	ch: A200610.232033.dat
2020-06-10 23:34:35,959	----------
2020-06-10 23:34:35,961	ch_zoff -1.60
2020-06-10 23:34:35,962	ch_bias 0.00
2020-06-10 23:34:35,963	scan for alignment to template
2020-06-10 23:38:10,516	cc_file_4align: A200610.233438.dat
2020-06-10 23:38:10,517	Align to template
2020-06-10 23:38:10,822	[dy, dx] = [0. 0.]
2020-06-10 23:38:15,971	const current mode scan
2020-06-10 23:41:50,046	cc: A200610.233818.dat
2020-06-10 23:41:50,046	const height mode scan
2020-06-10 23:55:55,757	ch: A200610.234153.dat
2020-06-10 23:55:55,757	----------
2020-06-10 23:55:55,762	ch_zoff -1.50
2020-06-10 23:55:55,762	ch_bias 0.00
2020-06-10 23:55:55,763	scan for alignment to template
2020-06-10 23:59:30,225	cc_file_4align: A200610.235558.dat
2020-06-10 23:59:30,225	Align to template
2020-06-10 23:59:30,539	[dy, dx] = [0. 0.]
2020-06-10 23:59:35,683	const current mode scan
2020-06-11 00:03:09,817	cc: A200610.235937.dat
2020-06-11 00:03:09,818	const height mode scan
2020-06-11 00:17:15,500	ch: A200611.000312.dat
2020-06-11 00:17:15,501	----------
2020-06-11 00:17:15,502	ch_zoff -1.40
2020-06-11 00:17:15,503	ch_bias 0.00
2020-06-11 00:17:15,503	scan for alignment to template
2020-06-11 00:20:50,054	cc_file_4align: A200611.001717.dat
2020-06-11 00:20:50,054	Align to template
2020-06-11 00:20:50,373	[dy, dx] = [0. 0.]
2020-06-11 00:20:55,525	const current mode scan
2020-06-11 00:24:29,638	cc: A200611.002057.dat
2020-06-11 00:24:29,639	const height mode scan
2020-06-11 00:38:35,380	ch: A200611.002432.dat
2020-06-11 00:38:35,380	----------
2020-06-11 00:38:35,383	ch_zoff -1.30
2020-06-11 00:38:35,384	ch_bias 0.00
2020-06-11 00:38:35,386	scan for alignment to template
2020-06-11 00:42:09,886	cc_file_4align: A200611.003837.dat
2020-06-11 00:42:09,886	Align to template
2020-06-11 00:42:10,300	[dy, dx] = [0. 0.]
2020-06-11 00:42:15,441	const current mode scan
2020-06-11 00:45:49,549	cc: A200611.004217.dat
2020-06-11 00:45:49,549	const height mode scan
2020-06-11 00:59:55,215	ch: A200611.004552.dat
2020-06-11 00:59:55,215	----------
2020-06-11 00:59:55,216	ch_zoff -1.20
2020-06-11 00:59:55,217	ch_bias 0.00
2020-06-11 00:59:55,217	scan for alignment to template
2020-06-11 01:03:29,769	cc_file_4align: A200611.005957.dat
2020-06-11 01:03:29,770	Align to template
2020-06-11 01:03:30,094	[dy, dx] = [ 0. -1.]
2020-06-11 01:03:35,241	const current mode scan
2020-06-11 01:07:09,314	cc: A200611.010337.dat
2020-06-11 01:07:09,314	const height mode scan
2020-06-11 01:21:14,990	ch: A200611.010712.dat
2020-06-11 01:21:14,990	----------
2020-06-11 01:21:14,991	ch_zoff -1.10
2020-06-11 01:21:14,992	ch_bias 0.00
2020-06-11 01:21:14,992	scan for alignment to template
2020-06-11 01:24:49,533	cc_file_4align: A200611.012117.dat
2020-06-11 01:24:49,534	Align to template
2020-06-11 01:24:49,834	[dy, dx] = [ 0. -1.]
2020-06-11 01:24:54,984	const current mode scan
2020-06-11 01:28:29,116	cc: A200611.012457.dat
2020-06-11 01:28:29,117	const height mode scan
2020-06-11 01:42:34,930	ch: A200611.012832.dat
2020-06-11 01:42:34,931	----------
2020-06-11 01:42:34,932	ch_zoff -1.00
2020-06-11 01:42:34,933	ch_bias 0.00
2020-06-11 01:42:34,934	scan for alignment to template
2020-06-11 01:46:09,445	cc_file_4align: A200611.014237.dat
2020-06-11 01:46:09,445	Align to template
2020-06-11 01:46:09,751	[dy, dx] = [ 0. -1.]
2020-06-11 01:46:14,895	const current mode scan
2020-06-11 01:49:48,988	cc: A200611.014617.dat
2020-06-11 01:49:48,989	const height mode scan
2020-06-11 02:03:54,660	ch: A200611.014952.dat
2020-06-11 02:03:54,661	----------
2020-06-11 02:03:54,663	ch_zoff -0.90
2020-06-11 02:03:54,664	ch_bias 0.00
2020-06-11 02:03:54,664	scan for alignment to template
2020-06-11 02:07:29,092	cc_file_4align: A200611.020357.dat
2020-06-11 02:07:29,092	Align to template
2020-06-11 02:07:29,417	[dy, dx] = [0. 0.]
2020-06-11 02:07:34,568	const current mode scan
2020-06-11 02:11:08,657	cc: A200611.020736.dat
2020-06-11 02:11:08,658	const height mode scan
2020-06-11 02:25:14,325	ch: A200611.021111.dat
2020-06-11 02:25:14,326	----------
2020-06-11 02:25:14,328	ch_zoff -0.80
2020-06-11 02:25:14,329	ch_bias 0.00
2020-06-11 02:25:14,330	scan for alignment to template
2020-06-11 02:28:48,891	cc_file_4align: A200611.022516.dat
2020-06-11 02:28:48,892	Align to template
2020-06-11 02:28:49,184	[dy, dx] = [0. 0.]
2020-06-11 02:28:54,335	const current mode scan
2020-06-11 02:32:28,507	cc: A200611.022856.dat
2020-06-11 02:32:28,508	const height mode scan
2020-06-11 02:46:34,198	ch: A200611.023231.dat
2020-06-11 02:46:34,199	----------
2020-06-11 02:46:34,200	ch_zoff -0.70
2020-06-11 02:46:34,200	ch_bias 0.00
2020-06-11 02:46:34,201	scan for alignment to template
2020-06-11 02:50:08,687	cc_file_4align: A200611.024636.dat
2020-06-11 02:50:08,688	Align to template
2020-06-11 02:50:08,991	[dy, dx] = [0. 0.]
2020-06-11 02:50:14,141	const current mode scan
2020-06-11 02:53:48,365	cc: A200611.025016.dat
2020-06-11 02:53:48,366	const height mode scan
2020-06-11 03:07:53,973	ch: A200611.025351.dat
2020-06-11 03:07:53,974	----------
2020-06-11 03:07:53,976	ch_zoff -0.60
2020-06-11 03:07:53,977	ch_bias 0.00
2020-06-11 03:07:53,979	scan for alignment to template
2020-06-11 03:11:28,446	cc_file_4align: A200611.030756.dat
2020-06-11 03:11:28,447	Align to template
2020-06-11 03:11:28,761	[dy, dx] = [ 0. -1.]
2020-06-11 03:11:33,912	const current mode scan
2020-06-11 03:15:08,143	cc: A200611.031136.dat
2020-06-11 03:15:08,144	const height mode scan
2020-06-11 03:29:13,801	ch: A200611.031511.dat
2020-06-11 03:29:13,802	----------
2020-06-11 03:29:13,804	ch_zoff -0.50
2020-06-11 03:29:13,804	ch_bias 0.00
2020-06-11 03:29:13,805	scan for alignment to template
2020-06-11 03:32:48,289	cc_file_4align: A200611.032916.dat
2020-06-11 03:32:48,289	Align to template
2020-06-11 03:32:48,597	[dy, dx] = [ 0.  -0.5]
2020-06-11 03:32:53,757	const current mode scan
2020-06-11 03:36:27,829	cc: A200611.033256.dat
2020-06-11 03:36:27,830	const height mode scan
2020-06-11 03:50:33,470	ch: A200611.033631.dat
2020-06-11 03:50:33,471	----------
2020-06-11 03:50:33,472	ch_zoff -0.40
2020-06-11 03:50:33,473	ch_bias 0.00
2020-06-11 03:50:33,474	scan for alignment to template
2020-06-11 03:54:07,956	cc_file_4align: A200611.035036.dat
2020-06-11 03:54:07,957	Align to template
2020-06-11 03:54:08,269	[dy, dx] = [0. 0.]
2020-06-11 03:54:13,421	const current mode scan
2020-06-11 03:57:47,521	cc: A200611.035415.dat
2020-06-11 03:57:47,521	const height mode scan
2020-06-11 04:11:53,218	ch: A200611.035750.dat
2020-06-11 04:11:53,218	----------
2020-06-11 04:11:53,221	ch_zoff -0.30
2020-06-11 04:11:53,222	ch_bias 0.00
2020-06-11 04:11:53,223	scan for alignment to template
2020-06-11 04:15:27,707	cc_file_4align: A200611.041155.dat
2020-06-11 04:15:27,707	Align to template
2020-06-11 04:15:28,025	[dy, dx] = [ 0. -1.]
2020-06-11 04:15:33,172	const current mode scan
2020-06-11 04:19:07,342	cc: A200611.041535.dat
2020-06-11 04:19:07,342	const height mode scan
2020-06-11 04:33:13,033	ch: A200611.041910.dat
2020-06-11 04:33:13,033	----------
2020-06-11 04:33:13,035	ch_zoff -0.20
2020-06-11 04:33:13,035	ch_bias 0.00
2020-06-11 04:33:13,036	scan for alignment to template
2020-06-11 04:36:47,579	cc_file_4align: A200611.043315.dat
2020-06-11 04:36:47,579	Align to template
2020-06-11 04:36:47,881	[dy, dx] = [0. 0.]
2020-06-11 04:36:53,027	const current mode scan
2020-06-11 04:40:27,104	cc: A200611.043655.dat
2020-06-11 04:40:27,104	const height mode scan
2020-06-11 04:54:32,783	ch: A200611.044030.dat
2020-06-11 04:54:32,784	----------
2020-06-11 04:54:32,786	ch_zoff -0.10
2020-06-11 04:54:32,788	ch_bias 0.00
2020-06-11 04:54:32,789	scan for alignment to template
2020-06-11 04:58:07,300	cc_file_4align: A200611.045435.dat
2020-06-11 04:58:07,300	Align to template
2020-06-11 04:58:07,606	[dy, dx] = [0. 0.]
2020-06-11 04:58:12,759	const current mode scan
2020-06-11 05:01:46,855	cc: A200611.045815.dat
2020-06-11 05:01:46,855	const height mode scan
2020-06-11 05:15:52,476	ch: A200611.050150.dat
2020-06-11 05:15:52,476	----------
2020-06-11 05:15:52,478	ch_zoff 0.00
2020-06-11 05:15:52,480	ch_bias 0.00
2020-06-11 05:15:52,481	scan for alignment to template
2020-06-11 05:19:27,011	cc_file_4align: A200611.051555.dat
2020-06-11 05:19:27,011	Align to template
2020-06-11 05:19:27,312	[dy, dx] = [0. 0.]
2020-06-11 05:19:32,466	const current mode scan
2020-06-11 05:23:06,555	cc: A200611.051934.dat
2020-06-11 05:23:06,556	const height mode scan
2020-06-11 05:37:12,645	ch: A200611.052309.dat
2020-06-11 05:37:12,645	----------
2020-06-11 05:37:12,647	ch_zoff 0.10
2020-06-11 05:37:12,649	ch_bias 0.00
2020-06-11 05:37:12,650	scan for alignment to template
2020-06-11 05:40:47,134	cc_file_4align: A200611.053715.dat
2020-06-11 05:40:47,134	Align to template
2020-06-11 05:40:47,447	[dy, dx] = [ 0.  -0.5]
2020-06-11 05:40:52,588	const current mode scan
2020-06-11 05:44:26,678	cc: A200611.054054.dat
2020-06-11 05:44:26,679	const height mode scan
2020-06-11 05:58:32,732	ch: A200611.054429.dat
2020-06-11 05:58:32,732	----------
2020-06-11 05:58:32,735	ch_zoff 0.20
2020-06-11 05:58:32,737	ch_bias 0.00
2020-06-11 05:58:32,738	scan for alignment to template
2020-06-11 06:02:07,202	cc_file_4align: A200611.055835.dat
2020-06-11 06:02:07,202	Align to template
2020-06-11 06:02:07,486	[dy, dx] = [0. 0.]
2020-06-11 06:02:12,636	const current mode scan
2020-06-11 06:05:46,786	cc: A200611.060214.dat
2020-06-11 06:05:46,786	const height mode scan
2020-06-11 06:19:52,800	ch: A200611.060549.dat
2020-06-11 06:19:52,801	----------
2020-06-11 06:19:52,802	ch_zoff 0.30
2020-06-11 06:19:52,802	ch_bias 0.00
2020-06-11 06:19:52,803	scan for alignment to template
2020-06-11 06:23:27,369	cc_file_4align: A200611.061955.dat
2020-06-11 06:23:27,369	Align to template
2020-06-11 06:23:27,670	[dy, dx] = [ 0. -1.]
2020-06-11 06:23:32,810	const current mode scan
2020-06-11 06:27:06,944	cc: A200611.062335.dat
2020-06-11 06:27:06,944	const height mode scan
2020-06-11 06:41:12,957	ch: A200611.062710.dat
2020-06-11 06:41:12,957	----------
2020-06-11 06:41:12,960	ch_zoff 0.40
2020-06-11 06:41:12,960	ch_bias 0.00
2020-06-11 06:41:12,962	scan for alignment to template
2020-06-11 06:44:47,462	cc_file_4align: A200611.064115.dat
2020-06-11 06:44:47,463	Align to template
2020-06-11 06:44:47,766	[dy, dx] = [ 0. -1.]
2020-06-11 06:44:52,919	const current mode scan
2020-06-11 06:48:26,993	cc: A200611.064455.dat
2020-06-11 06:48:26,993	const height mode scan
2020-06-11 07:02:33,105	ch: A200611.064830.dat
2020-06-11 07:02:33,106	----------
2020-06-11 07:02:33,109	ch_zoff 0.50
2020-06-11 07:02:33,111	ch_bias 0.00
2020-06-11 07:02:33,113	scan for alignment to template
2020-06-11 07:06:07,626	cc_file_4align: A200611.070235.dat
2020-06-11 07:06:07,626	Align to template
2020-06-11 07:06:07,932	[dy, dx] = [0. 0.]
2020-06-11 07:06:13,085	const current mode scan
2020-06-11 07:09:47,155	cc: A200611.070615.dat
2020-06-11 07:09:47,155	const height mode scan
2020-06-11 07:23:53,140	ch: A200611.070950.dat
2020-06-11 07:23:53,141	----------
2020-06-11 07:23:53,143	ch_zoff 0.60
2020-06-11 07:23:53,143	ch_bias 0.00
2020-06-11 07:23:53,144	scan for alignment to template
2020-06-11 07:27:27,622	cc_file_4align: A200611.072355.dat
2020-06-11 07:27:27,623	Align to template
2020-06-11 07:27:27,929	[dy, dx] = [ 0.  -0.5]
2020-06-11 07:27:33,073	const current mode scan
2020-06-11 07:31:07,196	cc: A200611.072735.dat
2020-06-11 07:31:07,197	const height mode scan
2020-06-11 07:45:13,664	ch: A200611.073110.dat
2020-06-11 07:45:13,665	----------
2020-06-11 07:45:13,666	ch_zoff 0.70
2020-06-11 07:45:13,668	ch_bias 0.00
2020-06-11 07:45:13,671	scan for alignment to template
2020-06-11 07:48:49,556	cc_file_4align: A200611.074517.dat
2020-06-11 07:48:49,557	Align to template
2020-06-11 07:48:49,895	[dy, dx] = [0. 0.]
2020-06-11 07:48:55,077	const current mode scan
2020-06-11 07:52:30,241	cc: A200611.074857.dat
2020-06-11 07:52:30,242	const height mode scan
2020-06-11 08:06:37,880	ch: A200611.075234.dat
2020-06-11 08:06:37,881	----------
2020-06-11 08:06:37,883	ch_zoff 0.80
2020-06-11 08:06:37,886	ch_bias 0.00
2020-06-11 08:06:37,888	scan for alignment to template
2020-06-11 08:10:13,931	cc_file_4align: A200611.080641.dat
2020-06-11 08:10:13,931	Align to template
2020-06-11 08:10:14,273	[dy, dx] = [0. 0.]
2020-06-11 08:10:19,479	const current mode scan
2020-06-11 08:13:54,741	cc: A200611.081022.dat
2020-06-11 08:13:54,742	const height mode scan
2020-06-11 08:28:02,639	ch: A200611.081359.dat
2020-06-11 08:28:02,639	----------
2020-06-11 08:28:02,643	ch_zoff 0.90
2020-06-11 08:28:02,645	ch_bias 0.00
2020-06-11 08:28:02,650	scan for alignment to template
2020-06-11 08:31:38,591	cc_file_4align: A200611.082806.dat
2020-06-11 08:31:38,592	Align to template
2020-06-11 08:31:38,907	[dy, dx] = [0. 0.]
2020-06-11 08:31:44,089	const current mode scan
2020-06-11 08:35:19,286	cc: A200611.083147.dat
2020-06-11 08:35:19,287	const height mode scan
2020-06-11 08:49:26,985	ch: A200611.083523.dat
2020-06-11 08:49:26,986	----------
2020-06-11 08:49:26,989	ch_zoff 1.00
2020-06-11 08:49:26,991	ch_bias 0.00
2020-06-11 08:49:26,995	scan for alignment to template
2020-06-11 08:53:02,894	cc_file_4align: A200611.084930.dat
2020-06-11 08:53:02,895	Align to template
2020-06-11 08:53:03,221	[dy, dx] = [0. 0.]
2020-06-11 08:53:08,433	const current mode scan
2020-06-11 08:56:43,755	cc: A200611.085311.dat
2020-06-11 08:56:43,756	const height mode scan
2020-06-11 09:10:51,356	ch: A200611.085647.dat
2020-06-11 09:10:51,357	Final template scan
2020-06-11 09:14:27,261	A200611.091054.dat
2020-06-11 09:14:27,261	Done.
2020-06-11 09:34:53,673	Start.******************************
2020-06-11 09:34:53,969	template: A200611.093114.dat
2020-06-11 09:34:53,970	----------
2020-06-11 09:34:53,972	ch_zoff -1.50
2020-06-11 09:34:53,975	ch_bias 0.00
2020-06-11 09:34:53,976	scan for alignment to template
2020-06-11 09:38:29,238	cc_file_4align: A200611.093456.dat
2020-06-11 09:38:29,239	Align to template
2020-06-11 09:38:30,070	[dy, dx] = [0.5 0. ]
2020-06-11 09:38:35,285	const current mode scan
2020-06-11 09:42:10,422	cc: A200611.093838.dat
2020-06-11 09:42:10,422	const height mode scan
2020-06-11 09:56:17,543	ch: A200611.094214.dat
2020-06-11 09:56:17,544	----------
2020-06-11 09:56:17,546	ch_zoff -1.40
2020-06-11 09:56:17,549	ch_bias 0.00
2020-06-11 09:56:17,550	scan for alignment to template
2020-06-11 09:59:53,215	cc_file_4align: A200611.095621.dat
2020-06-11 09:59:53,215	Align to template
2020-06-11 09:59:53,818	[dy, dx] = [1.5 0. ]
2020-06-11 09:59:59,009	const current mode scan
2020-06-11 10:03:34,365	cc: A200611.100002.dat
2020-06-11 10:03:34,365	const height mode scan
2020-06-11 10:17:41,537	ch: A200611.100338.dat
2020-06-11 10:17:41,538	----------
2020-06-11 10:17:41,540	ch_zoff -1.30
2020-06-11 10:17:41,540	ch_bias 0.00
2020-06-11 10:17:41,542	scan for alignment to template
2020-06-11 10:21:17,268	cc_file_4align: A200611.101745.dat
2020-06-11 10:21:17,269	Align to template
2020-06-11 10:21:17,869	[dy, dx] = [0. 0.]
2020-06-11 10:21:23,096	const current mode scan
2020-06-11 10:24:58,287	cc: A200611.102126.dat
2020-06-11 10:24:58,288	const height mode scan
2020-06-11 10:39:05,452	ch: A200611.102502.dat
2020-06-11 10:39:05,452	----------
2020-06-11 10:39:05,454	ch_zoff -1.20
2020-06-11 10:39:05,454	ch_bias 0.00
2020-06-11 10:39:05,457	scan for alignment to template
2020-06-11 10:42:41,041	cc_file_4align: A200611.103908.dat
2020-06-11 10:42:41,042	Align to template
2020-06-11 10:42:41,643	[dy, dx] = [1. 0.]
2020-06-11 10:42:46,829	const current mode scan
2020-06-11 10:46:22,377	cc: A200611.104250.dat
2020-06-11 10:46:22,380	const height mode scan
2020-06-11 11:00:29,464	ch: A200611.104626.dat
2020-06-11 11:00:29,465	----------
2020-06-11 11:00:29,468	ch_zoff -1.10
2020-06-11 11:00:29,469	ch_bias 0.00
2020-06-11 11:00:29,471	scan for alignment to template
2020-06-11 11:04:04,753	cc_file_4align: A200611.110032.dat
2020-06-11 11:04:04,754	Align to template
2020-06-11 11:04:05,328	[dy, dx] = [2.5 0. ]
2020-06-11 11:04:10,478	const current mode scan
2020-06-11 11:07:44,547	cc: A200611.110412.dat
2020-06-11 11:07:44,547	const height mode scan
2020-06-11 11:21:50,673	ch: A200611.110747.dat
2020-06-11 11:21:50,673	----------
2020-06-11 11:21:50,675	ch_zoff -1.00
2020-06-11 11:21:50,675	ch_bias 0.00
2020-06-11 11:21:50,676	scan for alignment to template
2020-06-11 11:25:26,568	cc_file_4align: A200611.112154.dat
2020-06-11 11:25:26,569	Align to template
2020-06-11 11:25:27,190	[dy, dx] = [3.25 0.  ]
2020-06-11 11:25:32,387	const current mode scan
2020-06-11 11:29:07,722	cc: A200611.112535.dat
2020-06-11 11:29:07,722	const height mode scan
2020-06-11 11:43:15,032	ch: A200611.112912.dat
2020-06-11 11:43:15,033	----------
2020-06-11 11:43:15,036	ch_zoff -0.90
2020-06-11 11:43:15,039	ch_bias 0.00
2020-06-11 11:43:15,040	scan for alignment to template
2020-06-11 11:46:50,909	cc_file_4align: A200611.114318.dat
2020-06-11 11:46:50,910	Align to template
2020-06-11 11:46:51,516	[dy, dx] = [2.25 0.  ]
2020-06-11 11:46:56,724	const current mode scan
2020-06-11 11:50:31,913	cc: A200611.114659.dat
2020-06-11 11:50:31,913	const height mode scan
2020-06-11 12:04:39,273	ch: A200611.115036.dat
2020-06-11 12:04:39,273	----------
2020-06-11 12:04:39,275	ch_zoff -0.80
2020-06-11 12:04:39,277	ch_bias 0.00
2020-06-11 12:04:39,279	scan for alignment to template
2020-06-11 12:08:15,149	cc_file_4align: A200611.120443.dat
2020-06-11 12:08:15,150	Align to template
2020-06-11 12:08:15,771	[dy, dx] = [-0.5  0. ]
2020-06-11 12:08:20,961	const current mode scan
2020-06-11 12:11:56,250	cc: A200611.120824.dat
2020-06-11 12:11:56,250	const height mode scan
2020-06-11 12:26:03,561	ch: A200611.121200.dat
2020-06-11 12:26:03,561	----------
2020-06-11 12:26:03,563	ch_zoff -0.70
2020-06-11 12:26:03,565	ch_bias 0.00
2020-06-11 12:26:03,566	scan for alignment to template
2020-06-11 12:29:39,344	cc_file_4align: A200611.122607.dat
2020-06-11 12:29:39,344	Align to template
2020-06-11 12:29:39,947	[dy, dx] = [-1.  0.]
2020-06-11 12:29:45,141	const current mode scan
2020-06-11 12:33:20,474	cc: A200611.122948.dat
2020-06-11 12:33:20,475	const height mode scan
2020-06-11 12:47:27,862	ch: A200611.123325.dat
2020-06-11 12:47:27,863	----------
2020-06-11 12:47:27,864	ch_zoff -0.60
2020-06-11 12:47:27,864	ch_bias 0.00
2020-06-11 12:47:27,866	scan for alignment to template
2020-06-11 12:51:03,744	cc_file_4align: A200611.124731.dat
2020-06-11 12:51:03,744	Align to template
2020-06-11 12:51:04,360	[dy, dx] = [ 4.25 -0.25]
2020-06-11 12:51:09,553	const current mode scan
2020-06-11 12:54:44,766	cc: A200611.125112.dat
2020-06-11 12:54:44,766	const height mode scan
2020-06-11 13:08:52,112	ch: A200611.125449.dat
2020-06-11 13:08:52,113	----------
2020-06-11 13:08:52,114	ch_zoff -0.50
2020-06-11 13:08:52,115	ch_bias 0.00
2020-06-11 13:08:52,115	scan for alignment to template
2020-06-11 13:12:27,956	cc_file_4align: A200611.130855.dat
2020-06-11 13:12:27,957	Align to template
2020-06-11 13:12:28,571	[dy, dx] = [ 2.75 -0.5 ]
2020-06-11 13:12:33,764	const current mode scan
2020-06-11 13:16:09,071	cc: A200611.131236.dat
2020-06-11 13:16:09,072	const height mode scan
2020-06-11 13:30:16,041	ch: A200611.131613.dat
2020-06-11 13:30:16,042	----------
2020-06-11 13:30:16,043	ch_zoff -0.40
2020-06-11 13:30:16,044	ch_bias 0.00
2020-06-11 13:30:16,044	scan for alignment to template
2020-06-11 13:33:50,429	cc_file_4align: A200611.133018.dat
2020-06-11 13:33:50,429	Align to template
2020-06-11 13:33:51,049	[dy, dx] = [1.25 0.  ]
2020-06-11 13:33:56,187	const current mode scan
2020-06-11 13:37:30,283	cc: A200611.133358.dat
2020-06-11 13:37:30,284	const height mode scan
2020-06-11 13:51:35,970	ch: A200611.133733.dat
2020-06-11 13:51:35,971	----------
2020-06-11 13:51:35,972	ch_zoff -0.30
2020-06-11 13:51:35,973	ch_bias 0.00
2020-06-11 13:51:35,974	scan for alignment to template
2020-06-11 13:55:10,403	cc_file_4align: A200611.135138.dat
2020-06-11 13:55:10,404	Align to template
2020-06-11 13:55:10,960	[dy, dx] = [0.5 0. ]
2020-06-11 13:55:16,111	const current mode scan
2020-06-11 13:58:50,233	cc: A200611.135518.dat
2020-06-11 13:58:50,234	const height mode scan
2020-06-11 14:12:55,887	ch: A200611.135853.dat
2020-06-11 14:12:55,887	----------
2020-06-11 14:12:55,890	ch_zoff -0.20
2020-06-11 14:12:55,890	ch_bias 0.00
2020-06-11 14:12:55,892	scan for alignment to template
2020-06-11 14:16:30,266	cc_file_4align: A200611.141258.dat
2020-06-11 14:16:30,267	Align to template
2020-06-11 14:16:30,815	[dy, dx] = [4. 0.]
2020-06-11 14:16:35,967	const current mode scan
2020-06-11 14:20:10,134	cc: A200611.141638.dat
2020-06-11 14:20:10,134	const height mode scan
2020-06-11 14:34:15,756	ch: A200611.142013.dat
2020-06-11 14:34:15,756	----------
2020-06-11 14:34:15,758	ch_zoff -0.10
2020-06-11 14:34:15,759	ch_bias 0.00
2020-06-11 14:34:15,761	scan for alignment to template
2020-06-11 14:37:50,172	cc_file_4align: A200611.143418.dat
2020-06-11 14:37:50,173	Align to template
2020-06-11 14:37:50,732	[dy, dx] = [4. 0.]
2020-06-11 14:37:55,886	const current mode scan
2020-06-11 14:41:30,019	cc: A200611.143758.dat
2020-06-11 14:41:30,019	const height mode scan
2020-06-11 14:55:35,723	ch: A200611.144133.dat
2020-06-11 14:55:35,723	----------
2020-06-11 14:55:35,726	ch_zoff 0.00
2020-06-11 14:55:35,727	ch_bias 0.00
2020-06-11 14:55:35,728	scan for alignment to template
2020-06-11 14:59:10,156	cc_file_4align: A200611.145538.dat
2020-06-11 14:59:10,156	Align to template
2020-06-11 14:59:10,736	[dy, dx] = [-2.5 -1.5]
2020-06-11 14:59:15,888	const current mode scan
2020-06-11 15:02:50,020	cc: A200611.145918.dat
2020-06-11 15:02:50,020	const height mode scan
2020-06-11 15:16:56,179	ch: A200611.150253.dat
2020-06-11 15:16:56,179	----------
2020-06-11 15:16:56,180	ch_zoff 0.10
2020-06-11 15:16:56,181	ch_bias 0.00
2020-06-11 15:16:56,182	scan for alignment to template
2020-06-11 15:20:30,542	cc_file_4align: A200611.151658.dat
2020-06-11 15:20:30,543	Align to template
2020-06-11 15:20:31,095	[dy, dx] = [ 7.   -1.75]
2020-06-11 15:20:36,242	const current mode scan
2020-06-11 15:24:10,328	cc: A200611.152038.dat
2020-06-11 15:24:10,328	const height mode scan
2020-06-11 15:38:16,380	ch: A200611.152413.dat
2020-06-11 15:38:16,380	----------
2020-06-11 15:38:16,381	ch_zoff 0.20
2020-06-11 15:38:16,382	ch_bias 0.00
2020-06-11 15:38:16,383	scan for alignment to template
2020-06-11 15:41:50,787	cc_file_4align: A200611.153819.dat
2020-06-11 15:41:50,787	Align to template
2020-06-11 15:41:51,343	[dy, dx] = [ 4.25 -0.5 ]
2020-06-11 15:41:56,493	const current mode scan
2020-06-11 15:45:30,560	cc: A200611.154158.dat
2020-06-11 15:45:30,560	const height mode scan
2020-06-11 15:59:36,634	ch: A200611.154533.dat
2020-06-11 15:59:36,635	----------
2020-06-11 15:59:36,636	ch_zoff 0.30
2020-06-11 15:59:36,636	ch_bias 0.00
2020-06-11 15:59:36,637	scan for alignment to template
2020-06-11 16:03:11,104	cc_file_4align: A200611.155939.dat
2020-06-11 16:03:11,105	Align to template
2020-06-11 16:03:11,650	[dy, dx] = [3.25 0.  ]
2020-06-11 16:03:16,801	const current mode scan
2020-06-11 16:06:51,503	cc: A200611.160319.dat
2020-06-11 16:06:51,504	const height mode scan
2020-06-11 16:20:57,531	ch: A200611.160654.dat
2020-06-11 16:20:57,532	----------
2020-06-11 16:20:57,533	ch_zoff 0.40
2020-06-11 16:20:57,534	ch_bias 0.00
2020-06-11 16:20:57,534	scan for alignment to template
2020-06-11 16:24:31,900	cc_file_4align: A200611.162100.dat
2020-06-11 16:24:31,900	Align to template
2020-06-11 16:24:32,471	[dy, dx] = [1.25 0.  ]
2020-06-11 16:24:37,609	const current mode scan
2020-06-11 16:28:11,709	cc: A200611.162439.dat
2020-06-11 16:28:11,709	const height mode scan
2020-06-11 16:42:17,763	ch: A200611.162814.dat
2020-06-11 16:42:17,763	----------
2020-06-11 16:42:17,765	ch_zoff 0.50
2020-06-11 16:42:17,765	ch_bias 0.00
2020-06-11 16:42:17,768	scan for alignment to template
2020-06-11 16:45:52,194	cc_file_4align: A200611.164220.dat
2020-06-11 16:45:52,194	Align to template
2020-06-11 16:45:52,754	[dy, dx] = [-2.25  0.  ]
2020-06-11 16:45:57,905	const current mode scan
2020-06-11 16:49:32,004	cc: A200611.164600.dat
2020-06-11 16:49:32,005	const height mode scan
2020-06-11 17:03:38,055	ch: A200611.164935.dat
2020-06-11 17:03:38,055	----------
2020-06-11 17:03:38,056	ch_zoff 0.60
2020-06-11 17:03:38,057	ch_bias 0.00
2020-06-11 17:03:38,058	scan for alignment to template
2020-06-11 17:07:12,476	cc_file_4align: A200611.170340.dat
2020-06-11 17:07:12,477	Align to template
2020-06-11 17:07:13,030	[dy, dx] = [ 0.25 -0.25]
2020-06-11 17:07:18,187	const current mode scan
2020-06-11 17:10:52,302	cc: A200611.170720.dat
2020-06-11 17:10:52,303	const height mode scan
2020-06-11 17:24:58,338	ch: A200611.171055.dat
2020-06-11 17:24:58,339	----------
2020-06-11 17:24:58,341	ch_zoff 0.70
2020-06-11 17:24:58,342	ch_bias 0.00
2020-06-11 17:24:58,343	scan for alignment to template
2020-06-11 17:28:32,754	cc_file_4align: A200611.172501.dat
2020-06-11 17:28:32,755	Align to template
2020-06-11 17:28:33,319	[dy, dx] = [-1.75 -0.5 ]
2020-06-11 17:28:38,461	const current mode scan
2020-06-11 17:32:12,537	cc: A200611.172840.dat
2020-06-11 17:32:12,538	const height mode scan
2020-06-11 17:46:18,620	ch: A200611.173215.dat
2020-06-11 17:46:18,620	----------
2020-06-11 17:46:18,621	ch_zoff 0.80
2020-06-11 17:46:18,622	ch_bias 0.00
2020-06-11 17:46:18,623	scan for alignment to template
2020-06-11 17:49:53,068	cc_file_4align: A200611.174621.dat
2020-06-11 17:49:53,069	Align to template
2020-06-11 17:49:53,637	[dy, dx] = [ 3.   -1.75]
2020-06-11 17:49:58,786	const current mode scan
2020-06-11 17:53:32,910	cc: A200611.175001.dat
2020-06-11 17:53:32,910	const height mode scan
2020-06-11 18:07:39,045	ch: A200611.175336.dat
2020-06-11 18:07:39,045	----------
2020-06-11 18:07:39,046	ch_zoff 0.90
2020-06-11 18:07:39,048	ch_bias 0.00
2020-06-11 18:07:39,048	scan for alignment to template
2020-06-11 18:11:13,460	cc_file_4align: A200611.180741.dat
2020-06-11 18:11:13,460	Align to template
2020-06-11 18:11:14,036	[dy, dx] = [ 9.   -2.25]
2020-06-11 18:11:19,183	const current mode scan
2020-06-11 18:14:53,363	cc: A200611.181121.dat
2020-06-11 18:14:53,364	const height mode scan
2020-06-11 18:28:59,433	ch: A200611.181456.dat
2020-06-11 18:28:59,434	----------
2020-06-11 18:28:59,435	ch_zoff 1.00
2020-06-11 18:28:59,435	ch_bias 0.00
2020-06-11 18:28:59,436	scan for alignment to template
2020-06-11 18:32:33,919	cc_file_4align: A200611.182902.dat
2020-06-11 18:32:33,919	Align to template
2020-06-11 18:32:34,451	[dy, dx] = [ 6.75 -2.  ]
2020-06-11 18:32:39,595	const current mode scan
2020-06-11 18:36:13,737	cc: A200611.183241.dat
2020-06-11 18:36:13,738	const height mode scan
2020-06-11 18:50:19,777	ch: A200611.183617.dat
2020-06-11 18:50:19,777	Final template scan
2020-06-11 18:53:54,182	A200611.185022.dat
2020-06-11 18:53:54,183	Done.
2020-06-12 19:21:16,370	Start.******************************
2020-06-12 19:21:16,707	template: A200612.191739.dat
2020-06-12 19:21:16,707	----------
2020-06-12 19:21:16,708	ch_zoff 0.00
2020-06-12 19:21:16,709	ch_bias 0.00
2020-06-12 19:21:16,709	scan for alignment to template
2020-06-12 19:24:51,201	cc_file_4align: A200612.192119.dat
2020-06-12 19:24:51,202	Align to template
2020-06-12 19:24:51,989	[dy, dx] = [-1.25  0.25]
2020-06-12 19:24:57,133	const current mode scan
2020-06-12 19:28:31,605	cc: A200612.192459.dat
2020-06-12 19:28:31,606	const height mode scan
2020-06-12 19:42:37,918	ch: A200612.192835.dat
2020-06-12 19:42:37,918	----------
2020-06-12 19:42:37,919	ch_zoff 0.10
2020-06-12 19:42:37,920	ch_bias 0.00
2020-06-12 19:42:37,920	scan for alignment to template
2020-06-12 19:46:12,703	cc_file_4align: A200612.194240.dat
2020-06-12 19:46:12,704	Align to template
2020-06-12 19:46:13,291	[dy, dx] = [ 0.  11.5]
2020-06-12 19:46:18,445	const current mode scan
2020-06-12 19:49:52,914	cc: A200612.194621.dat
2020-06-12 19:49:52,914	const height mode scan
2020-06-16 00:11:11,290	Start.******************************
2020-06-16 00:11:11,608	template: A200616.000736.dat
2020-06-16 00:11:11,609	----------
2020-06-16 00:11:11,610	ch_zoff -2.00
2020-06-16 00:11:11,610	ch_bias 0.00
2020-06-16 00:11:11,611	scan for alignment to template
2020-06-16 00:14:46,542	cc_file_4align: A200616.001115.dat
2020-06-16 00:14:46,542	Align to template
2020-06-16 00:14:47,346	[dy, dx] = [-3.   -1.75]
2020-06-16 00:14:52,539	const current mode scan
2020-06-16 00:18:27,427	cc: A200616.001456.dat
2020-06-16 00:18:27,428	const height mode scan
2020-06-16 00:32:34,214	ch: A200616.001832.dat
2020-06-16 00:32:34,215	----------
2020-06-16 00:32:34,220	ch_zoff -1.90
2020-06-16 00:32:34,220	ch_bias 0.00
2020-06-16 00:32:34,221	scan for alignment to template
2020-06-16 00:36:09,569	cc_file_4align: A200616.003238.dat
2020-06-16 00:36:09,569	Align to template
2020-06-16 00:36:10,155	[dy, dx] = [-5.75 -5.  ]
2020-06-16 00:36:15,335	const current mode scan
2020-06-16 00:39:50,169	cc: A200616.003619.dat
2020-06-16 00:39:50,169	const height mode scan
2020-06-16 00:53:56,673	ch: A200616.003955.dat
2020-06-16 00:53:56,674	----------
2020-06-16 00:53:56,675	ch_zoff -1.80
2020-06-16 00:53:56,676	ch_bias 0.00
2020-06-16 00:53:56,677	scan for alignment to template
2020-06-16 00:57:31,083	cc_file_4align: A200616.005400.dat
2020-06-16 00:57:31,083	Align to template
2020-06-16 00:57:31,640	[dy, dx] = [-5.5 -2.5]
2020-06-16 00:57:36,782	const current mode scan
2020-06-16 01:01:10,853	cc: A200616.005740.dat
2020-06-16 01:01:10,854	const height mode scan
2020-06-16 01:15:16,466	ch: A200616.010114.dat
2020-06-16 01:15:16,466	----------
2020-06-16 01:15:16,470	ch_zoff -1.70
2020-06-16 01:15:16,472	ch_bias 0.00
2020-06-16 01:15:16,473	scan for alignment to template
2020-06-16 01:18:50,837	cc_file_4align: A200616.011519.dat
2020-06-16 01:18:50,838	Align to template
2020-06-16 01:18:51,393	[dy, dx] = [-3.5 -2. ]
2020-06-16 01:18:56,531	const current mode scan
2020-06-16 01:22:30,596	cc: A200616.011859.dat
2020-06-16 01:22:30,597	const height mode scan
2020-06-16 01:36:36,294	ch: A200616.012234.dat
2020-06-16 01:36:36,295	----------
2020-06-16 01:36:36,296	ch_zoff -1.60
2020-06-16 01:36:36,296	ch_bias 0.00
2020-06-16 01:36:36,297	scan for alignment to template
2020-06-16 01:40:10,768	cc_file_4align: A200616.013639.dat
2020-06-16 01:40:10,768	Align to template
2020-06-16 01:40:11,329	[dy, dx] = [-3.25 -2.  ]
2020-06-16 01:40:16,484	const current mode scan
2020-06-16 01:43:50,538	cc: A200616.014019.dat
2020-06-16 01:43:50,538	const height mode scan
2020-06-16 01:57:56,146	ch: A200616.014354.dat
2020-06-16 01:57:56,146	----------
2020-06-16 01:57:56,149	ch_zoff -1.50
2020-06-16 01:57:56,149	ch_bias 0.00
2020-06-16 01:57:56,150	scan for alignment to template
2020-06-16 02:01:30,528	cc_file_4align: A200616.015759.dat
2020-06-16 02:01:30,528	Align to template
2020-06-16 02:01:31,111	[dy, dx] = [-2.5 -1. ]
2020-06-16 02:01:36,261	const current mode scan
2020-06-16 02:05:10,392	cc: A200616.020139.dat
2020-06-16 02:05:10,392	const height mode scan
2020-06-16 02:19:16,024	ch: A200616.020514.dat
2020-06-16 02:19:16,025	----------
2020-06-16 02:19:16,027	ch_zoff -1.40
2020-06-16 02:19:16,029	ch_bias 0.00
2020-06-16 02:19:16,030	scan for alignment to template
2020-06-16 02:22:50,452	cc_file_4align: A200616.021919.dat
2020-06-16 02:22:50,452	Align to template
2020-06-16 02:22:51,009	[dy, dx] = [-1.5  0. ]
2020-06-16 02:22:56,153	const current mode scan
2020-06-16 02:26:30,226	cc: A200616.022259.dat
2020-06-16 02:26:30,227	const height mode scan
2020-06-16 02:40:35,890	ch: A200616.022634.dat
2020-06-16 02:40:35,890	----------
2020-06-16 02:40:35,892	ch_zoff -1.30
2020-06-16 02:40:35,893	ch_bias 0.00
2020-06-16 02:40:35,894	scan for alignment to template
2020-06-16 02:44:10,296	cc_file_4align: A200616.024039.dat
2020-06-16 02:44:10,297	Align to template
2020-06-16 02:44:10,851	[dy, dx] = [-2.5 -1. ]
2020-06-16 02:44:15,999	const current mode scan
2020-06-16 02:47:50,041	cc: A200616.024419.dat
2020-06-16 02:47:50,041	const height mode scan
2020-06-16 03:01:55,726	ch: A200616.024754.dat
2020-06-16 03:01:55,727	----------
2020-06-16 03:01:55,729	ch_zoff -1.20
2020-06-16 03:01:55,730	ch_bias 0.00
2020-06-16 03:01:55,731	scan for alignment to template
2020-06-16 03:05:30,143	cc_file_4align: A200616.030159.dat
2020-06-16 03:05:30,144	Align to template
2020-06-16 03:05:30,663	[dy, dx] = [-1.5  0. ]
2020-06-16 03:05:35,803	const current mode scan
2020-06-16 03:09:09,901	cc: A200616.030539.dat
2020-06-16 03:09:09,901	const height mode scan
2020-06-16 03:23:15,540	ch: A200616.030914.dat
2020-06-16 03:23:15,540	----------
2020-06-16 03:23:15,541	ch_zoff -1.10
2020-06-16 03:23:15,542	ch_bias 0.00
2020-06-16 03:23:15,543	scan for alignment to template
2020-06-16 03:26:50,250	cc_file_4align: A200616.032319.dat
2020-06-16 03:26:50,250	Align to template
2020-06-16 03:26:50,784	[dy, dx] = [-1.5 -1. ]
2020-06-16 03:26:55,925	const current mode scan
2020-06-16 03:30:29,986	cc: A200616.032659.dat
2020-06-16 03:30:29,986	const height mode scan
2020-06-16 03:44:35,619	ch: A200616.033034.dat
2020-06-16 03:44:35,620	----------
2020-06-16 03:44:35,621	ch_zoff -1.00
2020-06-16 03:44:35,622	ch_bias 0.00
2020-06-16 03:44:35,622	scan for alignment to template
2020-06-16 03:48:10,103	cc_file_4align: A200616.034439.dat
2020-06-16 03:48:10,104	Align to template
2020-06-16 03:48:10,683	[dy, dx] = [-1.5  -0.25]
2020-06-16 03:48:15,826	const current mode scan
2020-06-16 03:51:49,905	cc: A200616.034819.dat
2020-06-16 03:51:49,905	const height mode scan
2020-06-16 04:05:55,487	ch: A200616.035154.dat
2020-06-16 04:05:55,488	----------
2020-06-16 04:05:55,491	ch_zoff -0.90
2020-06-16 04:05:55,492	ch_bias 0.00
2020-06-16 04:05:55,493	scan for alignment to template
2020-06-16 04:09:29,986	cc_file_4align: A200616.040559.dat
2020-06-16 04:09:29,987	Align to template
2020-06-16 04:09:30,518	[dy, dx] = [-1.5 -1. ]
2020-06-16 04:09:35,661	const current mode scan
2020-06-16 04:13:09,743	cc: A200616.040938.dat
2020-06-16 04:13:09,743	const height mode scan
2020-06-16 04:27:15,385	ch: A200616.041313.dat
2020-06-16 04:27:15,385	----------
2020-06-16 04:27:15,386	ch_zoff -0.80
2020-06-16 04:27:15,387	ch_bias 0.00
2020-06-16 04:27:15,389	scan for alignment to template
2020-06-16 04:30:49,792	cc_file_4align: A200616.042718.dat
2020-06-16 04:30:49,792	Align to template
2020-06-16 04:30:50,352	[dy, dx] = [-1.  -0.5]
2020-06-16 04:30:55,508	const current mode scan
2020-06-16 04:34:29,580	cc: A200616.043058.dat
2020-06-16 04:34:29,580	const height mode scan
2020-06-16 04:48:35,188	ch: A200616.043433.dat
2020-06-16 04:48:35,189	----------
2020-06-16 04:48:35,191	ch_zoff -0.70
2020-06-16 04:48:35,191	ch_bias 0.00
2020-06-16 04:48:35,192	scan for alignment to template
2020-06-16 04:52:09,625	cc_file_4align: A200616.044838.dat
2020-06-16 04:52:09,626	Align to template
2020-06-16 04:52:10,178	[dy, dx] = [-0.75  0.  ]
2020-06-16 04:52:15,331	const current mode scan
2020-06-16 04:55:49,429	cc: A200616.045218.dat
2020-06-16 04:55:49,429	const height mode scan
2020-06-16 05:09:55,041	ch: A200616.045553.dat
2020-06-16 05:09:55,042	----------
2020-06-16 05:09:55,043	ch_zoff -0.60
2020-06-16 05:09:55,044	ch_bias 0.00
2020-06-16 05:09:55,045	scan for alignment to template
2020-06-16 05:13:29,466	cc_file_4align: A200616.050958.dat
2020-06-16 05:13:29,467	Align to template
2020-06-16 05:13:30,048	[dy, dx] = [-1.5  0. ]
2020-06-16 05:13:35,196	const current mode scan
2020-06-16 05:17:09,309	cc: A200616.051338.dat
2020-06-16 05:17:09,309	const height mode scan
2020-06-16 05:31:14,911	ch: A200616.051713.dat
2020-06-16 05:31:14,911	----------
2020-06-16 05:31:14,912	ch_zoff -0.50
2020-06-16 05:31:14,914	ch_bias 0.00
2020-06-16 05:31:14,914	scan for alignment to template
2020-06-16 05:34:49,377	cc_file_4align: A200616.053118.dat
2020-06-16 05:34:49,378	Align to template
2020-06-16 05:34:49,953	[dy, dx] = [-0.5  0. ]
2020-06-16 05:34:55,106	const current mode scan
2020-06-16 05:38:29,194	cc: A200616.053458.dat
2020-06-16 05:38:29,194	const height mode scan
2020-06-16 05:52:34,946	ch: A200616.053833.dat
2020-06-16 05:52:34,947	----------
2020-06-16 05:52:34,949	ch_zoff -0.40
2020-06-16 05:52:34,952	ch_bias 0.00
2020-06-16 05:52:34,954	scan for alignment to template
2020-06-16 05:56:09,376	cc_file_4align: A200616.055238.dat
2020-06-16 05:56:09,376	Align to template
2020-06-16 05:56:09,911	[dy, dx] = [-1.5  0. ]
2020-06-16 05:56:15,051	const current mode scan
2020-06-16 05:59:49,159	cc: A200616.055618.dat
2020-06-16 05:59:49,159	const height mode scan
2020-06-16 06:13:54,777	ch: A200616.055953.dat
2020-06-16 06:13:54,777	----------
2020-06-16 06:13:54,779	ch_zoff -0.30
2020-06-16 06:13:54,780	ch_bias 0.00
2020-06-16 06:13:54,781	scan for alignment to template
2020-06-16 06:17:29,166	cc_file_4align: A200616.061358.dat
2020-06-16 06:17:29,166	Align to template
2020-06-16 06:17:29,747	[dy, dx] = [-0.5  0. ]
2020-06-16 06:17:34,897	const current mode scan
2020-06-16 06:21:09,010	cc: A200616.061738.dat
2020-06-16 06:21:09,011	const height mode scan
2020-06-16 06:35:14,645	ch: A200616.062113.dat
2020-06-16 06:35:14,645	----------
2020-06-16 06:35:14,647	ch_zoff -0.20
2020-06-16 06:35:14,647	ch_bias 0.00
2020-06-16 06:35:14,648	scan for alignment to template
2020-06-16 06:38:49,111	cc_file_4align: A200616.063518.dat
2020-06-16 06:38:49,112	Align to template
2020-06-16 06:38:49,657	[dy, dx] = [-0.75 -1.  ]
2020-06-16 06:38:54,790	const current mode scan
2020-06-16 06:42:28,890	cc: A200616.063858.dat
2020-06-16 06:42:28,891	const height mode scan
2020-06-16 06:56:34,508	ch: A200616.064233.dat
2020-06-16 06:56:34,508	----------
2020-06-16 06:56:34,509	ch_zoff -0.10
2020-06-16 06:56:34,510	ch_bias 0.00
2020-06-16 06:56:34,510	scan for alignment to template
2020-06-16 07:00:08,959	cc_file_4align: A200616.065638.dat
2020-06-16 07:00:08,960	Align to template
2020-06-16 07:00:09,503	[dy, dx] = [-0.5  0. ]
2020-06-16 07:00:14,659	const current mode scan
2020-06-16 07:03:48,888	cc: A200616.070018.dat
2020-06-16 07:03:48,888	const height mode scan
2020-06-16 07:17:54,647	ch: A200616.070353.dat
2020-06-16 07:17:54,648	----------
2020-06-16 07:17:54,649	ch_zoff 0.00
2020-06-16 07:17:54,650	ch_bias 0.00
2020-06-16 07:17:54,650	scan for alignment to template
2020-06-16 07:21:29,213	cc_file_4align: A200616.071758.dat
2020-06-16 07:21:29,213	Align to template
2020-06-16 07:21:29,754	[dy, dx] = [-1.  -0.5]
2020-06-16 07:21:34,901	const current mode scan
2020-06-16 07:25:08,937	cc: A200616.072138.dat
2020-06-16 07:25:08,937	const height mode scan
2020-06-16 07:39:14,985	ch: A200616.072513.dat
2020-06-16 07:39:14,985	Final template scan
2020-06-16 07:42:49,516	A200616.073918.dat
2020-06-16 07:42:49,516	Done.
2020-06-16 21:41:31,251	Start.******************************
2020-06-16 21:41:31,334	template: A200616.213608.dat
2020-06-16 21:41:31,335	----------
2020-06-16 21:41:31,336	ch_zoff -1.00
2020-06-16 21:41:31,336	ch_bias 0.00
2020-06-16 21:41:31,337	scan for alignment to template
2020-06-16 21:45:05,560	cc_file_4align: A200616.214134.dat
2020-06-16 21:45:05,560	Align to template
2020-06-16 21:45:06,317	[dy, dx] = [ 5.25 -1.25]
2020-06-16 21:45:11,465	const current mode scan
2020-06-16 21:48:45,650	cc: A200616.214514.dat
2020-06-16 21:48:45,650	const height mode scan
2020-06-16 22:02:51,460	ch: A200616.214850.dat
2020-06-16 22:02:51,460	----------
2020-06-16 22:02:51,462	ch_zoff -0.90
2020-06-16 22:02:51,464	ch_bias 0.00
2020-06-16 22:02:51,464	scan for alignment to template
2020-06-16 22:06:26,067	cc_file_4align: A200616.220255.dat
2020-06-16 22:06:26,068	Align to template
2020-06-16 22:06:26,634	[dy, dx] = [-91.   2.]
2020-06-16 22:06:31,785	const current mode scan
2020-06-16 22:10:06,027	cc: A200616.220635.dat
2020-06-16 22:10:06,027	const height mode scan
2020-06-16 22:24:12,148	ch: A200616.221010.dat
2020-06-16 22:24:12,148	----------
2020-06-16 22:24:12,149	ch_zoff -0.80
2020-06-16 22:24:12,150	ch_bias 0.00
2020-06-16 22:24:12,150	scan for alignment to template
2020-06-16 22:27:47,985	cc_file_4align: A200616.222416.dat
2020-06-16 22:27:47,985	Align to template
2020-06-16 22:27:48,540	[dy, dx] = [-33.5    1.25]
2020-06-16 22:27:53,691	const current mode scan
2020-06-16 22:31:28,314	cc: A200616.222757.dat
2020-06-16 22:31:28,314	const height mode scan
2020-06-16 22:45:35,474	ch: A200616.223133.dat
2020-06-16 22:45:35,474	----------
2020-06-16 22:45:35,476	ch_zoff -0.70
2020-06-16 22:45:35,478	ch_bias 0.00
2020-06-16 22:45:35,478	scan for alignment to template
2020-06-16 22:49:11,086	cc_file_4align: A200616.224540.dat
2020-06-16 22:49:11,086	Align to template
2020-06-16 22:49:11,684	[dy, dx] = [-11.75   0.5 ]
2020-06-16 22:49:16,868	const current mode scan
2020-06-16 22:52:51,953	cc: A200616.224920.dat
2020-06-16 22:52:51,953	const height mode scan
2020-06-16 23:06:58,960	ch: A200616.225257.dat
2020-06-16 23:06:58,961	----------
2020-06-16 23:06:58,963	ch_zoff -0.60
2020-06-16 23:06:58,963	ch_bias 0.00
2020-06-16 23:06:58,964	scan for alignment to template
2020-06-16 23:17:53,089	Start.******************************
2020-06-16 23:17:53,176	template: A200616.231417.dat
2020-06-16 23:17:53,177	----------
2020-06-16 23:17:53,178	ch_zoff -1.00
2020-06-16 23:17:53,178	ch_bias 0.00
2020-06-16 23:17:53,179	scan for alignment to template
2020-06-16 23:21:28,140	cc_file_4align: A200616.231757.dat
2020-06-16 23:21:28,141	Align to template
2020-06-16 23:21:28,721	[dy, dx] = [-0.75  1.  ]
2020-06-16 23:21:33,910	const current mode scan
2020-06-16 23:25:08,886	cc: A200616.232137.dat
2020-06-16 23:25:08,887	const height mode scan
